<?xml version="1.0" encoding="UTF-8"?>
<!-- Generated by org.testng.reporters.JUnitXMLReporter -->
<testsuite ignored="0" hostname="macbook.local" failures="1" tests="6" name="Login test" time="13.364" errors="0" timestamp="28 Aug 2019 18:39:03 GMT">
  <testcase classname="com.automation.tests.LoginTest" name="test_Login_InvalidCredentials" time="1.765"/>
  <testcase classname="com.automation.tests.LoginTest" name="test_Login_InvalidCredentials" time="0.432"/>
  <testcase classname="com.automation.tests.LoginTest" name="test_Login_InvalidCredentials" time="0.431"/>
  <testcase classname="com.automation.tests.LoginTest" name="test_Login_ValidCredential" time="0.399"/>
  <testcase classname="com.automation.tests.PracticeTest" name="test_clickRadioButtons" time="3.08"/>
  <testcase classname="com.automation.tests.PracticeTest" name="test_comboBoxSelection" time="2.254">
    <failure type="java.lang.AssertionError" message="expected [true] but found [false]">
      <![CDATA[java.lang.AssertionError: expected [true] but found [false]
	at com.automation.tests.PracticeTest.test_comboBoxSelection(PracticeTest.java:50)
... Removed 29 stack frames]]>
    </failure>
  </testcase> <!-- test_comboBoxSelection -->
</testsuite> <!-- Login test -->
