<?xml version="1.0" encoding="UTF-8"?>
<!-- Generated by org.testng.reporters.JUnitXMLReporter -->
<testsuite ignored="0" hostname="macbook.local" failures="1" tests="2" name="PracticeTest" time="8.69" errors="0" timestamp="28 Aug 2019 19:23:37 GMT">
  <testcase classname="com.automation.tests.PracticeTest" name="test_clickRadioButtons" time="2.596"/>
  <testcase classname="com.automation.tests.PracticeTest" name="test_comboBoxSelection" time="2.957">
    <failure type="java.lang.AssertionError" message="expected [true] but found [false]">
      <![CDATA[java.lang.AssertionError: expected [true] but found [false]
	at com.automation.tests.PracticeTest.test_comboBoxSelection(PracticeTest.java:52)
... Removed 29 stack frames]]>
    </failure>
  </testcase> <!-- test_comboBoxSelection -->
</testsuite> <!-- PracticeTest -->
