<?xml version="1.0" encoding="UTF-8"?>
<!-- Generated by org.testng.reporters.JUnitReportReporter -->
<testsuite hostname="juanhernandezs-macbookpro.roam.corp.google.com" name="com.automation.training.AnnotationTests" tests="2" failures="1" timestamp="20 Dec 2018 22:35:10 GMT" time="0.026" errors="0">
  <testcase name="testConcact_2" time="0.000" classname="com.automation.training.AnnotationTests">
    <failure type="org.testng.TestNGException" message="
Parameter &#039;StringA&#039; is required by @Test on method testConcact_2 but has not been marked @Optional or defined
in /private/var/folders/2l/l0yz0rl97jqg16pnd9gl2mv800gfyr/T/testng-eclipse--784332665/testng-customsuite.xml">
      <![CDATA[org.testng.TestNGException: 
Parameter 'StringA' is required by @Test on method testConcact_2 but has not been marked @Optional or defined
in /private/var/folders/2l/l0yz0rl97jqg16pnd9gl2mv800gfyr/T/testng-eclipse--784332665/testng-customsuite.xml
	at org.testng.internal.Parameters.createParameters(Parameters.java:155)
	at org.testng.internal.Parameters.createParameters(Parameters.java:355)
	at org.testng.internal.Parameters.handleParameters(Parameters.java:447)
	at org.testng.internal.Invoker.handleParameters(Invoker.java:1383)
	at org.testng.internal.Invoker.createParameters(Invoker.java:1075)
	at org.testng.internal.Invoker.invokeTestMethods(Invoker.java:1180)
	at org.testng.internal.TestMethodWorker.invokeTestMethods(TestMethodWorker.java:127)
	at org.testng.internal.TestMethodWorker.run(TestMethodWorker.java:111)
	at org.testng.TestRunner.privateRun(TestRunner.java:767)
	at org.testng.TestRunner.run(TestRunner.java:617)
	at org.testng.SuiteRunner.runTest(SuiteRunner.java:334)
	at org.testng.SuiteRunner.runSequentially(SuiteRunner.java:329)
	at org.testng.SuiteRunner.privateRun(SuiteRunner.java:291)
	at org.testng.SuiteRunner.run(SuiteRunner.java:240)
	at org.testng.SuiteRunnerWorker.runSuite(SuiteRunnerWorker.java:52)
	at org.testng.SuiteRunnerWorker.run(SuiteRunnerWorker.java:86)
	at org.testng.TestNG.runSuitesSequentially(TestNG.java:1198)
	at org.testng.TestNG.runSuitesLocally(TestNG.java:1123)
	at org.testng.TestNG.run(TestNG.java:1031)
	at org.testng.remote.AbstractRemoteTestNG.run(AbstractRemoteTestNG.java:114)
	at org.testng.remote.RemoteTestNG.initAndRun(RemoteTestNG.java:251)
	at org.testng.remote.RemoteTestNG.main(RemoteTestNG.java:77)
]]>
    </failure>
  </testcase> <!-- testConcact_2 -->
  <testcase name="testConcact" time="0.026" classname="com.automation.training.AnnotationTests"/>
</testsuite> <!-- com.automation.training.AnnotationTests -->
